# JRE version: OpenJDK Runtime Environment (8.0_112-b06) (build 1.8.0_112-release-b06)
# Java VM: OpenJDK 64-Bit Server VM (25.112-b06 mixed mode windows-amd64 compressed oops)
Heap:
 PSYoungGen      total 370688K, used 20623K [0x00000000e0000000, 0x00000000fee80000, 0x0000000100000000)
  eden space 349696K, 0% used [0x00000000e0000000,0x00000000e0000000,0x00000000f5580000)
  from space 20992K, 98% used [0x00000000f5580000,0x00000000f69a3d58,0x00000000f6a00000)
  to   space 78336K, 0% used [0x00000000fa200000,0x00000000fa200000,0x00000000fee80000)
 ParOldGen       total 579072K, used 263092K [0x00000000a0000000, 0x00000000c3580000, 0x00000000e0000000)
  object space 579072K, 45% used [0x00000000a0000000,0x00000000b00ed390,0x00000000c3580000)
 Metaspace       used 94428K, capacity 101592K, committed 102016K, reserved 1138688K
  class space    used 11193K, capacity 12362K, committed 12416K, reserved 1048576K
GC Heap History (10 events):
Event: 5789.280 GC heap after
Heap after GC invocations=84 (full 5):
 PSYoungGen      total 334848K, used 7709K [0x00000000e0000000, 0x00000000ff280000, 0x0000000100000000)
  eden space 326656K, 0% used [0x00000000e0000000,0x00000000e0000000,0x00000000f3f00000)
  from space 8192K, 94% used [0x00000000f3f00000,0x00000000f4687400,0x00000000f4700000)
  to   space 91648K, 0% used [0x00000000f9900000,0x00000000f9900000,0x00000000ff280000)
 ParOldGen       total 579072K, used 258508K [0x00000000a0000000, 0x00000000c3580000, 0x00000000e0000000)
  object space 579072K, 44% used [0x00000000a0000000,0x00000000afc732f0,0x00000000c3580000)
 Metaspace       used 93852K, capacity 100392K, committed 101120K, reserved 1138688K
  class space    used 11101K, capacity 12202K, committed 12288K, reserved 1048576K
}
Event: 5791.013 GC heap before
{Heap before GC invocations=85 (full 5):
 PSYoungGen      total 334848K, used 334365K [0x00000000e0000000, 0x00000000ff280000, 0x0000000100000000)
  eden space 326656K, 100% used [0x00000000e0000000,0x00000000f3f00000,0x00000000f3f00000)
  from space 8192K, 94% used [0x00000000f3f00000,0x00000000f4687400,0x00000000f4700000)
  to   space 91648K, 0% used [0x00000000f9900000,0x00000000f9900000,0x00000000ff280000)
 ParOldGen       total 579072K, used 258508K [0x00000000a0000000, 0x00000000c3580000, 0x00000000e0000000)
  object space 579072K, 44% used [0x00000000a0000000,0x00000000afc732f0,0x00000000c3580000)
 Metaspace       used 93923K, capacity 100462K, committed 101120K, reserved 1138688K
  class space    used 11102K, capacity 12203K, committed 12288K, reserved 1048576K
Event: 5791.023 GC heap after
Heap after GC invocations=85 (full 5):
 PSYoungGen      total 423424K, used 11807K [0x00000000e0000000, 0x0000000100000000, 0x0000000100000000)
  eden space 331776K, 0% used [0x00000000e0000000,0x00000000e0000000,0x00000000f4400000)
  from space 91648K, 12% used [0x00000000f9900000,0x00000000fa487c38,0x00000000ff280000)
  to   space 87040K, 0% used [0x00000000f4400000,0x00000000f4400000,0x00000000f9900000)
 ParOldGen       total 579072K, used 261628K [0x00000000a0000000, 0x00000000c3580000, 0x00000000e0000000)
  object space 579072K, 45% used [0x00000000a0000000,0x00000000aff7f350,0x00000000c3580000)
 Metaspace       used 93923K, capacity 100462K, committed 101120K, reserved 1138688K
  class space    used 11102K, capacity 12203K, committed 12288K, reserved 1048576K
}
Event: 5792.705 GC heap before
{Heap before GC invocations=86 (full 5):
 PSYoungGen      total 423424K, used 343583K [0x00000000e0000000, 0x0000000100000000, 0x0000000100000000)
  eden space 331776K, 100% used [0x00000000e0000000,0x00000000f4400000,0x00000000f4400000)
  from space 91648K, 12% used [0x00000000f9900000,0x00000000fa487c38,0x00000000ff280000)
  to   space 87040K, 0% used [0x00000000f4400000,0x00000000f4400000,0x00000000f9900000)
 ParOldGen       total 579072K, used 261628K [0x00000000a0000000, 0x00000000c3580000, 0x00000000e0000000)
  object space 579072K, 45% used [0x00000000a0000000,0x00000000aff7f350,0x00000000c3580000)
 Metaspace       used 93953K, capacity 100462K, committed 101120K, reserved 1138688K
  class space    used 11102K, capacity 12203K, committed 12288K, reserved 1048576K
Event: 5792.728 GC heap after
Heap after GC invocations=86 (full 5):
 PSYoungGen      total 418816K, used 42584K [0x00000000e0000000, 0x00000000ffc80000, 0x0000000100000000)
  eden space 331776K, 0% used [0x00000000e0000000,0x00000000e0000000,0x00000000f4400000)
  from space 87040K, 48% used [0x00000000f4400000,0x00000000f6d96108,0x00000000f9900000)
  to   space 87552K, 0% used [0x00000000fa700000,0x00000000fa700000,0x00000000ffc80000)
 ParOldGen       total 579072K, used 262400K [0x00000000a0000000, 0x00000000c3580000, 0x00000000e0000000)
  object space 579072K, 45% used [0x00000000a0000000,0x00000000b0040370,0x00000000c3580000)
 Metaspace       used 93953K, capacity 100462K, committed 101120K, reserved 1138688K
  class space    used 11102K, capacity 12203K, committed 12288K, reserved 1048576K
}
Event: 5797.971 GC heap before
{Heap before GC invocations=87 (full 5):
 PSYoungGen      total 418816K, used 374360K [0x00000000e0000000, 0x00000000ffc80000, 0x0000000100000000)
  eden space 331776K, 100% used [0x00000000e0000000,0x00000000f4400000,0x00000000f4400000)
  from space 87040K, 48% used [0x00000000f4400000,0x00000000f6d96108,0x00000000f9900000)
  to   space 87552K, 0% used [0x00000000fa700000,0x00000000fa700000,0x00000000ffc80000)
 ParOldGen       total 579072K, used 262400K [0x00000000a0000000, 0x00000000c3580000, 0x00000000e0000000)
  object space 579072K, 45% used [0x00000000a0000000,0x00000000b0040370,0x00000000c3580000)
 Metaspace       used 93966K, capacity 100526K, committed 101120K, reserved 1138688K
  class space    used 11102K, capacity 12203K, committed 12288K, reserved 1048576K
Event: 5797.982 GC heap after
Heap after GC invocations=87 (full 5):
 PSYoungGen      total 433152K, used 12335K [0x00000000e0000000, 0x00000000ff880000, 0x0000000100000000)
  eden space 349696K, 0% used [0x00000000e0000000,0x00000000e0000000,0x00000000f5580000)
  from space 83456K, 14% used [0x00000000fa700000,0x00000000fb30bef8,0x00000000ff880000)
  to   space 83456K, 0% used [0x00000000f5580000,0x00000000f5580000,0x00000000fa700000)
 ParOldGen       total 579072K, used 263084K [0x00000000a0000000, 0x00000000c3580000, 0x00000000e0000000)
  object space 579072K, 45% used [0x00000000a0000000,0x00000000b00eb390,0x00000000c3580000)
 Metaspace       used 93966K, capacity 100526K, committed 101120K, reserved 1138688K
  class space    used 11102K, capacity 12203K, committed 12288K, reserved 1048576K
}
Event: 5809.130 GC heap before
{Heap before GC invocations=88 (full 5):
 PSYoungGen      total 433152K, used 211291K [0x00000000e0000000, 0x00000000ff880000, 0x0000000100000000)
  eden space 349696K, 56% used [0x00000000e0000000,0x00000000ec24afb8,0x00000000f5580000)
  from space 83456K, 14% used [0x00000000fa700000,0x00000000fb30bef8,0x00000000ff880000)
  to   space 83456K, 0% used [0x00000000f5580000,0x00000000f5580000,0x00000000fa700000)
 ParOldGen       total 579072K, used 263084K [0x00000000a0000000, 0x00000000c3580000, 0x00000000e0000000)
  object space 579072K, 45% used [0x00000000a0000000,0x00000000b00eb390,0x00000000c3580000)
 Metaspace       used 94428K, capacity 101592K, committed 102016K, reserved 1138688K
  class space    used 11193K, capacity 12362K, committed 12416K, reserved 1048576K
Event: 5809.143 GC heap after
Heap after GC invocations=88 (full 5):
 PSYoungGen      total 370688K, used 20623K [0x00000000e0000000, 0x00000000fee80000, 0x0000000100000000)
  eden space 349696K, 0% used [0x00000000e0000000,0x00000000e0000000,0x00000000f5580000)
  from space 20992K, 98% used [0x00000000f5580000,0x00000000f69a3d58,0x00000000f6a00000)
  to   space 78336K, 0% used [0x00000000fa200000,0x00000000fa200000,0x00000000fee80000)
 ParOldGen       total 579072K, used 263092K [0x00000000a0000000, 0x00000000c3580000, 0x00000000e0000000)
  object space 579072K, 45% used [0x00000000a0000000,0x00000000b00ed390,0x00000000c3580000)
 Metaspace       used 94428K, capacity 101592K, committed 102016K, reserved 1138688K
  class space    used 11193K, capacity 12362K, committed 12416K, reserved 1048576K
}
Event: 5809.143 GC heap before
{Heap before GC invocations=89 (full 6):
 PSYoungGen      total 370688K, used 20623K [0x00000000e0000000, 0x00000000fee80000, 0x0000000100000000)
  eden space 349696K, 0% used [0x00000000e0000000,0x00000000e0000000,0x00000000f5580000)
  from space 20992K, 98% used [0x00000000f5580000,0x00000000f69a3d58,0x00000000f6a00000)
  to   space 78336K, 0% used [0x00000000fa200000,0x00000000fa200000,0x00000000fee80000)
 ParOldGen       total 579072K, used 263092K [0x00000000a0000000, 0x00000000c3580000, 0x00000000e0000000)
  object space 579072K, 45% used [0x00000000a0000000,0x00000000b00ed390,0x00000000c3580000)
 Metaspace       used 94428K, capacity 101592K, committed 102016K, reserved 1138688K
  class space    used 11193K, capacity 12362K, committed 12416K, reserved 1048576K

